<?xml version="1.0" encoding="UTF-8"?>
<!-- Generated by org.testng.reporters.JUnitXMLReporter -->
<testsuite ignored="0" hostname="LAPTOP-LIAVRUAM" failures="0" tests="4" name="Default test" time="1.822" errors="0" timestamp="2025-02-16T12:58:44 GMT">
  <testcase classname="com.simplilearn.RestAssuredPracticeProject.APITest" name="createBooking" time="1.669"/>
  <testcase classname="com.simplilearn.RestAssuredPracticeProject.APITest" name="deleteBooking" time="0.06"/>
  <testcase classname="com.simplilearn.RestAssuredPracticeProject.APITest" name="getBookings" time="0.017"/>
  <testcase classname="com.simplilearn.RestAssuredPracticeProject.APITest" name="updateBooking" time="0.024"/>
</testsuite> <!-- Default test -->
