<?xml version="1.0" encoding="UTF-8"?>
<testng-results ignored="0" total="4" passed="4" failed="0" skipped="0">
  <reporter-output>
  </reporter-output>
  <suite started-at="2025-02-16T12:58:43 GMT" name="Default suite" finished-at="2025-02-16T12:58:44 GMT" duration-ms="1822">
    <groups>
    </groups>
    <test started-at="2025-02-16T12:58:43 GMT" name="Default test" finished-at="2025-02-16T12:58:44 GMT" duration-ms="1822">
      <class name="com.simplilearn.RestAssuredPracticeProject.APITest">
        <test-method signature="createBooking()[pri:0, instance:com.simplilearn.RestAssuredPracticeProject.APITest@7fa98a66]" started-at="2025-02-16T12:58:43 GMT" name="createBooking" finished-at="2025-02-16T12:58:44 GMT" duration-ms="1669" status="PASS">
          <reporter-output>
          </reporter-output>
        </test-method> <!-- createBooking -->
        <test-method signature="deleteBooking()[pri:0, instance:com.simplilearn.RestAssuredPracticeProject.APITest@7fa98a66]" started-at="2025-02-16T12:58:44 GMT" name="deleteBooking" finished-at="2025-02-16T12:58:44 GMT" duration-ms="60" status="PASS">
          <reporter-output>
          </reporter-output>
        </test-method> <!-- deleteBooking -->
        <test-method signature="getBookings()[pri:0, instance:com.simplilearn.RestAssuredPracticeProject.APITest@7fa98a66]" started-at="2025-02-16T12:58:44 GMT" name="getBookings" finished-at="2025-02-16T12:58:44 GMT" duration-ms="17" status="PASS">
          <reporter-output>
          </reporter-output>
        </test-method> <!-- getBookings -->
        <test-method signature="updateBooking()[pri:0, instance:com.simplilearn.RestAssuredPracticeProject.APITest@7fa98a66]" started-at="2025-02-16T12:58:44 GMT" name="updateBooking" finished-at="2025-02-16T12:58:44 GMT" duration-ms="24" status="PASS">
          <reporter-output>
          </reporter-output>
        </test-method> <!-- updateBooking -->
      </class> <!-- com.simplilearn.RestAssuredPracticeProject.APITest -->
    </test> <!-- Default test -->
  </suite> <!-- Default suite -->
</testng-results>
